<?xml version="1.0" encoding="UTF-8"?>
<!-- Generated by org.testng.reporters.JUnitReportReporter -->
<testsuite hostname="pooja" failures="0" tests="6" name="com.ecommerce.testcases.Product_003" time="24.083" errors="0" timestamp="31 Mar 2024 11:37:45 GMT" skipped="0">
  <testcase classname="com.ecommerce.testcases.Product_003" name="productSearch" time="4.094"/>
  <testcase classname="com.ecommerce.testcases.Product_003" name="productClick" time="6.183"/>
  <testcase classname="com.ecommerce.testcases.Product_003" name="productAddToCart" time="3.113"/>
  <testcase classname="com.ecommerce.testcases.Product_003" name="homePage" time="8.188"/>
  <testcase classname="com.ecommerce.testcases.Product_003" name="displayProduct" time="1.600"/>
  <testcase classname="com.ecommerce.testcases.Product_003" name="comparision" time="0.905"/>
</testsuite> <!-- com.ecommerce.testcases.Product_003 -->
