<?xml version="1.0" encoding="UTF-8"?>
<!-- Generated by org.testng.reporters.JUnitReportReporter -->
<testsuite hostname="pooja" failures="0" tests="1" name="com.ecommerce.testcases.NavigateToECommerceWeb" time="1.967" errors="0" timestamp="27 Mar 2024 18:29:50 GMT" skipped="0">
  <testcase classname="com.ecommerce.testcases.NavigateToECommerceWeb" name="setUp" time="1.967"/>
</testsuite> <!-- com.ecommerce.testcases.NavigateToECommerceWeb -->
