<?xml version="1.0" encoding="UTF-8"?>
<!-- Generated by org.testng.reporters.JUnitReportReporter -->
<testsuite hostname="pooja" failures="0" tests="1" name="com.ecommerce.testcases.LoginWithUsernameAndPassword_002" time="12.572" errors="0" timestamp="28 Mar 2024 10:30:59 GMT" skipped="0">
  <testcase classname="com.ecommerce.testcases.LoginWithUsernameAndPassword_002" name="loginTest" time="12.572"/>
</testsuite> <!-- com.ecommerce.testcases.LoginWithUsernameAndPassword_002 -->
