<?xml version="1.0" encoding="UTF-8"?>
<!-- Generated by org.testng.reporters.JUnitReportReporter -->
<testsuite hostname="pooja" failures="0" tests="1" name="com.ecommerce.testcases.LoginWithUsernameAndPassword_002" time="6.917" errors="0" timestamp="29 Mar 2024 10:26:21 GMT" skipped="0">
  <testcase classname="com.ecommerce.testcases.LoginWithUsernameAndPassword_002" name="loginTest" time="6.917"/>
</testsuite> <!-- com.ecommerce.testcases.LoginWithUsernameAndPassword_002 -->
