<?xml version="1.0" encoding="UTF-8"?>
<!-- Generated by org.testng.reporters.JUnitReportReporter -->
<testsuite hostname="pooja" failures="0" tests="6" name="com.ecommerce.testcases.Product_003" time="28.992" errors="0" timestamp="28 Mar 2024 10:45:59 GMT" skipped="0">
  <testcase classname="com.ecommerce.testcases.Product_003" name="productSearch" time="6.515"/>
  <testcase classname="com.ecommerce.testcases.Product_003" name="productClick" time="6.039"/>
  <testcase classname="com.ecommerce.testcases.Product_003" name="productAddToCart" time="3.239"/>
  <testcase classname="com.ecommerce.testcases.Product_003" name="homePage" time="10.897"/>
  <testcase classname="com.ecommerce.testcases.Product_003" name="displayProduct" time="1.400"/>
  <testcase classname="com.ecommerce.testcases.Product_003" name="comparision" time="0.902"/>
</testsuite> <!-- com.ecommerce.testcases.Product_003 -->
